{"C:\\Users\\jimoh oluwaseyi\\test-practice\\sum.js": {"path":"C:\\Users\\jimoh oluwaseyi\\test-practice\\sum.js","statementMap":{"0":{"start":{"line":2,"column":19},"end":{"line":2,"column":32}},"1":{"start":{"line":3,"column":4},"end":{"line":5,"column":5}},"2":{"start":{"line":4,"column":6},"end":{"line":4,"column":75}},"3":{"start":{"line":6,"column":4},"end":{"line":6,"column":18}},"4":{"start":{"line":9,"column":2},"end":{"line":9,"column":32}},"5":{"start":{"line":13,"column":17},"end":{"line":13,"column":34}},"6":{"start":{"line":16,"column":18},"end":{"line":16,"column":25}},"7":{"start":{"line":17,"column":27},"end":{"line":17,"column":34}},"8":{"start":{"line":18,"column":25},"end":{"line":18,"column":45}},"9":{"start":{"line":19,"column":4},"end":{"line":19,"column":53}},"10":{"start":{"line":23,"column":4},"end":{"line":23,"column":47}},"11":{"start":{"line":26,"column":2},"end":{"line":26,"column":22}},"12":{"start":{"line":40,"column":6},"end":{"line":40,"column":19}},"13":{"start":{"line":44,"column":6},"end":{"line":44,"column":19}},"14":{"start":{"line":48,"column":6},"end":{"line":50,"column":7}},"15":{"start":{"line":49,"column":8},"end":{"line":49,"column":49}},"16":{"start":{"line":51,"column":6},"end":{"line":51,"column":19}},"17":{"start":{"line":55,"column":6},"end":{"line":55,"column":19}},"18":{"start":{"line":59,"column":2},"end":{"line":121,"column":5}},"19":{"start":{"line":62,"column":4},"end":{"line":64,"column":7}},"20":{"start":{"line":63,"column":6},"end":{"line":63,"column":36}},"21":{"start":{"line":66,"column":4},"end":{"line":78,"column":7}},"22":{"start":{"line":67,"column":6},"end":{"line":69,"column":9}},"23":{"start":{"line":68,"column":8},"end":{"line":68,"column":45}},"24":{"start":{"line":71,"column":6},"end":{"line":73,"column":9}},"25":{"start":{"line":72,"column":8},"end":{"line":72,"column":46}},"26":{"start":{"line":75,"column":6},"end":{"line":77,"column":9}},"27":{"start":{"line":76,"column":8},"end":{"line":76,"column":48}},"28":{"start":{"line":80,"column":4},"end":{"line":92,"column":7}},"29":{"start":{"line":81,"column":6},"end":{"line":83,"column":9}},"30":{"start":{"line":82,"column":8},"end":{"line":82,"column":50}},"31":{"start":{"line":85,"column":6},"end":{"line":87,"column":9}},"32":{"start":{"line":86,"column":8},"end":{"line":86,"column":52}},"33":{"start":{"line":89,"column":6},"end":{"line":91,"column":9}},"34":{"start":{"line":90,"column":8},"end":{"line":90,"column":52}},"35":{"start":{"line":94,"column":4},"end":{"line":106,"column":7}},"36":{"start":{"line":95,"column":6},"end":{"line":97,"column":9}},"37":{"start":{"line":96,"column":8},"end":{"line":96,"column":48}},"38":{"start":{"line":99,"column":6},"end":{"line":101,"column":9}},"39":{"start":{"line":100,"column":8},"end":{"line":100,"column":79}},"40":{"start":{"line":100,"column":21},"end":{"line":100,"column":44}},"41":{"start":{"line":103,"column":6},"end":{"line":105,"column":9}},"42":{"start":{"line":104,"column":8},"end":{"line":104,"column":50}},"43":{"start":{"line":108,"column":4},"end":{"line":120,"column":7}},"44":{"start":{"line":109,"column":6},"end":{"line":111,"column":9}},"45":{"start":{"line":110,"column":8},"end":{"line":110,"column":50}},"46":{"start":{"line":113,"column":6},"end":{"line":115,"column":9}},"47":{"start":{"line":114,"column":8},"end":{"line":114,"column":52}},"48":{"start":{"line":117,"column":6},"end":{"line":119,"column":9}},"49":{"start":{"line":118,"column":8},"end":{"line":118,"column":52}},"50":{"start":{"line":127,"column":4},"end":{"line":127,"column":60}},"51":{"start":{"line":131,"column":19},"end":{"line":131,"column":32}},"52":{"start":{"line":132,"column":25},"end":{"line":132,"column":38}},"53":{"start":{"line":133,"column":23},"end":{"line":133,"column":43}},"54":{"start":{"line":135,"column":2},"end":{"line":139,"column":3}},"55":{"start":{"line":136,"column":4},"end":{"line":136,"column":32}},"56":{"start":{"line":138,"column":4},"end":{"line":138,"column":84}}},"fnMap":{"0":{"name":"stringLength","decl":{"start":{"line":1,"column":9},"end":{"line":1,"column":21}},"loc":{"start":{"line":1,"column":30},"end":{"line":7,"column":3}},"line":1},"1":{"name":"testReverseString","decl":{"start":{"line":15,"column":11},"end":{"line":15,"column":28}},"loc":{"start":{"line":15,"column":31},"end":{"line":20,"column":3}},"line":15},"2":{"name":"reverseString","decl":{"start":{"line":22,"column":11},"end":{"line":22,"column":24}},"loc":{"start":{"line":22,"column":33},"end":{"line":24,"column":3}},"line":22},"3":{"name":"(anonymous_3)","decl":{"start":{"line":39,"column":4},"end":{"line":39,"column":5}},"loc":{"start":{"line":39,"column":14},"end":{"line":41,"column":5}},"line":39},"4":{"name":"(anonymous_4)","decl":{"start":{"line":43,"column":4},"end":{"line":43,"column":5}},"loc":{"start":{"line":43,"column":19},"end":{"line":45,"column":5}},"line":43},"5":{"name":"(anonymous_5)","decl":{"start":{"line":47,"column":4},"end":{"line":47,"column":5}},"loc":{"start":{"line":47,"column":17},"end":{"line":52,"column":5}},"line":47},"6":{"name":"(anonymous_6)","decl":{"start":{"line":54,"column":4},"end":{"line":54,"column":5}},"loc":{"start":{"line":54,"column":19},"end":{"line":56,"column":5}},"line":54},"7":{"name":"(anonymous_7)","decl":{"start":{"line":59,"column":25},"end":{"line":59,"column":26}},"loc":{"start":{"line":59,"column":31},"end":{"line":121,"column":3}},"line":59},"8":{"name":"(anonymous_8)","decl":{"start":{"line":62,"column":15},"end":{"line":62,"column":16}},"loc":{"start":{"line":62,"column":21},"end":{"line":64,"column":5}},"line":62},"9":{"name":"(anonymous_9)","decl":{"start":{"line":66,"column":20},"end":{"line":66,"column":21}},"loc":{"start":{"line":66,"column":26},"end":{"line":78,"column":5}},"line":66},"10":{"name":"(anonymous_10)","decl":{"start":{"line":67,"column":56},"end":{"line":67,"column":57}},"loc":{"start":{"line":67,"column":62},"end":{"line":69,"column":7}},"line":67},"11":{"name":"(anonymous_11)","decl":{"start":{"line":71,"column":68},"end":{"line":71,"column":69}},"loc":{"start":{"line":71,"column":74},"end":{"line":73,"column":7}},"line":71},"12":{"name":"(anonymous_12)","decl":{"start":{"line":75,"column":56},"end":{"line":75,"column":57}},"loc":{"start":{"line":75,"column":62},"end":{"line":77,"column":7}},"line":75},"13":{"name":"(anonymous_13)","decl":{"start":{"line":80,"column":25},"end":{"line":80,"column":26}},"loc":{"start":{"line":80,"column":31},"end":{"line":92,"column":5}},"line":80},"14":{"name":"(anonymous_14)","decl":{"start":{"line":81,"column":61},"end":{"line":81,"column":62}},"loc":{"start":{"line":81,"column":67},"end":{"line":83,"column":7}},"line":81},"15":{"name":"(anonymous_15)","decl":{"start":{"line":85,"column":73},"end":{"line":85,"column":74}},"loc":{"start":{"line":85,"column":79},"end":{"line":87,"column":7}},"line":85},"16":{"name":"(anonymous_16)","decl":{"start":{"line":89,"column":61},"end":{"line":89,"column":62}},"loc":{"start":{"line":89,"column":67},"end":{"line":91,"column":7}},"line":89},"17":{"name":"(anonymous_17)","decl":{"start":{"line":94,"column":23},"end":{"line":94,"column":24}},"loc":{"start":{"line":94,"column":29},"end":{"line":106,"column":5}},"line":94},"18":{"name":"(anonymous_18)","decl":{"start":{"line":95,"column":59},"end":{"line":95,"column":60}},"loc":{"start":{"line":95,"column":65},"end":{"line":97,"column":7}},"line":95},"19":{"name":"(anonymous_19)","decl":{"start":{"line":99,"column":58},"end":{"line":99,"column":59}},"loc":{"start":{"line":99,"column":64},"end":{"line":101,"column":7}},"line":99},"20":{"name":"(anonymous_20)","decl":{"start":{"line":100,"column":15},"end":{"line":100,"column":16}},"loc":{"start":{"line":100,"column":21},"end":{"line":100,"column":44}},"line":100},"21":{"name":"(anonymous_21)","decl":{"start":{"line":103,"column":71},"end":{"line":103,"column":72}},"loc":{"start":{"line":103,"column":77},"end":{"line":105,"column":7}},"line":103},"22":{"name":"(anonymous_22)","decl":{"start":{"line":108,"column":25},"end":{"line":108,"column":26}},"loc":{"start":{"line":108,"column":31},"end":{"line":120,"column":5}},"line":108},"23":{"name":"(anonymous_23)","decl":{"start":{"line":109,"column":61},"end":{"line":109,"column":62}},"loc":{"start":{"line":109,"column":67},"end":{"line":111,"column":7}},"line":109},"24":{"name":"(anonymous_24)","decl":{"start":{"line":113,"column":73},"end":{"line":113,"column":74}},"loc":{"start":{"line":113,"column":79},"end":{"line":115,"column":7}},"line":113},"25":{"name":"(anonymous_25)","decl":{"start":{"line":117,"column":61},"end":{"line":117,"column":62}},"loc":{"start":{"line":117,"column":67},"end":{"line":119,"column":7}},"line":117},"26":{"name":"capitalize","decl":{"start":{"line":126,"column":11},"end":{"line":126,"column":21}},"loc":{"start":{"line":126,"column":30},"end":{"line":128,"column":3}},"line":126}},"branchMap":{"0":{"loc":{"start":{"line":3,"column":4},"end":{"line":5,"column":5}},"type":"if","locations":[{"start":{"line":3,"column":4},"end":{"line":5,"column":5}},{"start":{},"end":{}}],"line":3},"1":{"loc":{"start":{"line":3,"column":8},"end":{"line":3,"column":33}},"type":"binary-expr","locations":[{"start":{"line":3,"column":8},"end":{"line":3,"column":18}},{"start":{"line":3,"column":22},"end":{"line":3,"column":33}}],"line":3},"2":{"loc":{"start":{"line":48,"column":6},"end":{"line":50,"column":7}},"type":"if","locations":[{"start":{"line":48,"column":6},"end":{"line":50,"column":7}},{"start":{},"end":{}}],"line":48},"3":{"loc":{"start":{"line":135,"column":2},"end":{"line":139,"column":3}},"type":"if","locations":[{"start":{"line":135,"column":2},"end":{"line":139,"column":3}},{"start":{"line":137,"column":9},"end":{"line":139,"column":3}}],"line":135}},"s":{"0":4,"1":4,"2":2,"3":2,"4":1,"5":1,"6":1,"7":1,"8":1,"9":1,"10":1,"11":1,"12":3,"13":3,"14":3,"15":1,"16":2,"17":3,"18":1,"19":1,"20":12,"21":1,"22":1,"23":1,"24":1,"25":1,"26":1,"27":1,"28":1,"29":1,"30":1,"31":1,"32":1,"33":1,"34":1,"35":1,"36":1,"37":1,"38":1,"39":1,"40":1,"41":1,"42":1,"43":1,"44":1,"45":1,"46":1,"47":1,"48":1,"49":1,"50":1,"51":1,"52":1,"53":1,"54":1,"55":1,"56":0},"f":{"0":4,"1":1,"2":1,"3":3,"4":3,"5":3,"6":3,"7":1,"8":12,"9":1,"10":1,"11":1,"12":1,"13":1,"14":1,"15":1,"16":1,"17":1,"18":1,"19":1,"20":1,"21":1,"22":1,"23":1,"24":1,"25":1,"26":1},"b":{"0":[2,2],"1":[4,3],"2":[1,2],"3":[1,0]},"_coverageSchema":"1a1c01bbd47fc00a2c39e90264f33305004495a9","hash":"91d309969a1640513f7f7c327c706e7e3726227f"}
}
