TN:
SF:sum.js
FN:1,stringLength
FN:15,testReverseString
FN:22,reverseString
FN:39,(anonymous_3)
FN:43,(anonymous_4)
FN:47,(anonymous_5)
FN:54,(anonymous_6)
FN:59,(anonymous_7)
FN:62,(anonymous_8)
FN:66,(anonymous_9)
FN:67,(anonymous_10)
FN:71,(anonymous_11)
FN:75,(anonymous_12)
FN:80,(anonymous_13)
FN:81,(anonymous_14)
FN:85,(anonymous_15)
FN:89,(anonymous_16)
FN:94,(anonymous_17)
FN:95,(anonymous_18)
FN:99,(anonymous_19)
FN:100,(anonymous_20)
FN:103,(anonymous_21)
FN:108,(anonymous_22)
FN:109,(anonymous_23)
FN:113,(anonymous_24)
FN:117,(anonymous_25)
FN:126,capitalize
FNF:27
FNH:27
FNDA:4,stringLength
FNDA:1,testReverseString
FNDA:1,reverseString
FNDA:3,(anonymous_3)
FNDA:3,(anonymous_4)
FNDA:3,(anonymous_5)
FNDA:3,(anonymous_6)
FNDA:1,(anonymous_7)
FNDA:12,(anonymous_8)
FNDA:1,(anonymous_9)
FNDA:1,(anonymous_10)
FNDA:1,(anonymous_11)
FNDA:1,(anonymous_12)
FNDA:1,(anonymous_13)
FNDA:1,(anonymous_14)
FNDA:1,(anonymous_15)
FNDA:1,(anonymous_16)
FNDA:1,(anonymous_17)
FNDA:1,(anonymous_18)
FNDA:1,(anonymous_19)
FNDA:1,(anonymous_20)
FNDA:1,(anonymous_21)
FNDA:1,(anonymous_22)
FNDA:1,(anonymous_23)
FNDA:1,(anonymous_24)
FNDA:1,(anonymous_25)
FNDA:1,capitalize
DA:2,4
DA:3,4
DA:4,2
DA:6,2
DA:9,1
DA:13,1
DA:16,1
DA:17,1
DA:18,1
DA:19,1
DA:23,1
DA:26,1
DA:40,3
DA:44,3
DA:48,3
DA:49,1
DA:51,2
DA:55,3
DA:59,1
DA:62,1
DA:63,12
DA:66,1
DA:67,1
DA:68,1
DA:71,1
DA:72,1
DA:75,1
DA:76,1
DA:80,1
DA:81,1
DA:82,1
DA:85,1
DA:86,1
DA:89,1
DA:90,1
DA:94,1
DA:95,1
DA:96,1
DA:99,1
DA:100,1
DA:103,1
DA:104,1
DA:108,1
DA:109,1
DA:110,1
DA:113,1
DA:114,1
DA:117,1
DA:118,1
DA:127,1
DA:131,1
DA:132,1
DA:133,1
DA:135,1
DA:136,1
DA:138,0
LF:56
LH:55
BRDA:3,0,0,2
BRDA:3,0,1,2
BRDA:3,1,0,4
BRDA:3,1,1,3
BRDA:48,2,0,1
BRDA:48,2,1,2
BRDA:135,3,0,1
BRDA:135,3,1,0
BRF:8
BRH:7
end_of_record
